\BOOKMARK [0][-]{chapter.1}{introduction}{}% 1
\BOOKMARK [1][-]{section.1.1}{source and accessibility of remotely-sensed data}{chapter.1}% 2
\BOOKMARK [1][-]{section.1.2}{The difficulty in acquire and integrate and process geodata}{chapter.1}% 3
\BOOKMARK [2][-]{subsection.1.2.1}{This approach holds several problems and downsides}{section.1.2}% 4
\BOOKMARK [1][-]{section.1.3}{introduction earth engine}{chapter.1}% 5
\BOOKMARK [1][-]{section.1.4}{Motivation}{chapter.1}% 6
\BOOKMARK [2][-]{subsection.1.4.1}{With this situation following asserted}{section.1.4}% 7
\BOOKMARK [0][-]{chapter.2}{Methods}{}% 8
\BOOKMARK [1][-]{section.2.1}{Available data}{chapter.2}% 9
\BOOKMARK [1][-]{section.2.2}{organise dependencies}{chapter.2}% 10
\BOOKMARK [1][-]{section.2.3}{How the data is controlled}{chapter.2}% 11
\BOOKMARK [1][-]{section.2.4}{technical structure}{chapter.2}% 12
\BOOKMARK [0][-]{chapter.3}{Results}{}% 13
\BOOKMARK [1][-]{section.3.1}{example situation 1}{chapter.3}% 14
\BOOKMARK [1][-]{section.3.2}{sample session 2}{chapter.3}% 15
\BOOKMARK [1][-]{section.3.3}{sample session 3}{chapter.3}% 16
\BOOKMARK [0][-]{chapter.4}{Discussion}{}% 17
\BOOKMARK [1][-]{section.4.1}{limits and problems of the current version of the earthEngineGrabR}{chapter.4}% 18
\BOOKMARK [1][-]{section.4.2}{future work and further enhancements}{chapter.4}% 19
\BOOKMARK [1][-]{section.4.3}{Internal limitations of the GEE and what this implies for the earthEngineGrabR}{chapter.4}% 20
\BOOKMARK [2][-]{subsection.4.3.1}{Limitation of processing resources}{section.4.3}% 21
\BOOKMARK [0][-]{chapter*.26}{Acknowledgements}{}% 22
\BOOKMARK [0][-]{appendix.A}{This is Appendix 1...}{}% 23
\BOOKMARK [0][-]{appendix.B}{This is appendix 2...}{}% 24
