\BOOKMARK [0][-]{chapter.1}{Abstract}{}% 1
\BOOKMARK [0][-]{chapter.2}{Introduction}{}% 2
\BOOKMARK [1][-]{section.2.1}{Remote sensing data \040in environmental system modeling}{chapter.2}% 3
\BOOKMARK [1][-]{section.2.2}{Accessibility of remote-sensing data}{chapter.2}% 4
\BOOKMARK [1][-]{section.2.3}{The difficulty in acquire, integrate and process remote sensing data}{chapter.2}% 5
\BOOKMARK [1][-]{section.2.4}{Introduction to Google Earth Engine}{chapter.2}% 6
\BOOKMARK [2][-]{subsection.2.4.1}{The potential of the GEE for the acquisition of remote sensing data}{section.2.4}% 7
\BOOKMARK [1][-]{section.2.5}{The earthEngineGrabR}{chapter.2}% 8
\BOOKMARK [0][-]{chapter.3}{Methods}{}% 9
\BOOKMARK [1][-]{section.3.1}{Available data products}{chapter.3}% 10
\BOOKMARK [1][-]{section.3.2}{Design and functionality of the \040data manipulation}{chapter.3}% 11
\BOOKMARK [1][-]{section.3.3}{Technical framework}{chapter.3}% 12
\BOOKMARK [1][-]{section.3.4}{Organize dependencies and authentications}{chapter.3}% 13
\BOOKMARK [0][-]{chapter.4}{Results}{}% 14
\BOOKMARK [1][-]{section.4.1}{Szenario}{chapter.4}% 15
\BOOKMARK [1][-]{section.4.2}{Large-scale analysis}{chapter.4}% 16
\BOOKMARK [1][-]{section.4.3}{Small-scale analysis}{chapter.4}% 17
\BOOKMARK [1][-]{section.4.4}{Time-series analysis}{chapter.4}% 18
\BOOKMARK [1][-]{section.4.5}{Summary}{chapter.4}% 19
\BOOKMARK [0][-]{chapter.5}{Discussion}{}% 20
\BOOKMARK [1][-]{section.5.1}{Limits and problems of the current version of the earthEngineGrabR}{chapter.5}% 21
\BOOKMARK [1][-]{section.5.2}{Further development of the earthEngineGrabR}{chapter.5}% 22
\BOOKMARK [2][-]{subsection.5.2.1}{Implementation of additional features}{section.5.2}% 23
\BOOKMARK [2][-]{subsection.5.2.2}{Improve the framework of the earthEngineGrabR}{section.5.2}% 24
\BOOKMARK [1][-]{section.5.3}{Internal limitations of EE and what this implies for the earthEngineGrabR}{chapter.5}% 25
\BOOKMARK [2][-]{subsection.5.3.1}{Limitation, strengths and weaknesses of EE}{section.5.3}% 26
\BOOKMARK [2][-]{subsection.5.3.2}{What does that mean for the earthEngineGrabR?}{section.5.3}% 27
\BOOKMARK [0][-]{chapter.6}{Conclusion}{}% 28
\BOOKMARK [0][-]{chapter.7}{This is Appendix 1...}{}% 29
\BOOKMARK [0][-]{chapter.8}{This is appendix 2...}{}% 30
